This is pdfTeX, Version 3.14159265-2.6-1.40.20 (TeX Live 2019/Debian) (preloaded format=pdflatex 2021.11.17)  9 JAN 2022 13:00
entering extended mode
 restricted \write18 enabled.
 file:line:error style messages enabled.
 %&-line parsing enabled.
**"/home/chiara/Documents/Università/Git/IIIANNO_UniVr/Laboratorio di Bioinformatica/Modulo 1/DispenseLaboratorioBioinfo.tex"
(/home/chiara/Documents/Università/Git/IIIANNO_UniVr/Laboratorio di Bioinformatica/Modulo 1/DispenseLaboratorioBioinfo.tex
LaTeX2e <2020-02-02> patch level 2
L3 programming layer <2020-02-14> (/usr/share/texlive/texmf-dist/tex/latex/base/article.cls
Document Class: article 2019/12/20 v1.4l Standard LaTeX document class
(/usr/share/texlive/texmf-dist/tex/latex/base/size10.clo
File: size10.clo 2019/12/20 v1.4l Standard LaTeX file (size option)
)
\c@part=\count167
\c@section=\count168
\c@subsection=\count169
\c@subsubsection=\count170
\c@paragraph=\count171
\c@subparagraph=\count172
\c@figure=\count173
\c@table=\count174
\abovecaptionskip=\skip47
\belowcaptionskip=\skip48
\bibindent=\dimen134
) (/usr/share/texlive/texmf-dist/tex/latex/base/fontenc.sty
Package: fontenc 2020/02/11 v2.0o Standard LaTeX package
) (/usr/share/texlive/texmf-dist/tex/latex/base/inputenc.sty
Package: inputenc 2018/08/11 v1.3c Input encoding file
\inpenc@prehook=\toks14
\inpenc@posthook=\toks15
) (/usr/share/texlive/texmf-dist/tex/latex/graphics/graphicx.sty
Package: graphicx 2019/11/30 v1.2a Enhanced LaTeX Graphics (DPC,SPQR)
 (/usr/share/texlive/texmf-dist/tex/latex/graphics/keyval.sty
Package: keyval 2014/10/28 v1.15 key=value parser (DPC)
\KV@toks@=\toks16
) (/usr/share/texlive/texmf-dist/tex/latex/graphics/graphics.sty
Package: graphics 2019/11/30 v1.4a Standard LaTeX Graphics (DPC,SPQR)
 (/usr/share/texlive/texmf-dist/tex/latex/graphics/trig.sty
Package: trig 2016/01/03 v1.10 sin cos tan (DPC)
) (/usr/share/texlive/texmf-dist/tex/latex/graphics-cfg/graphics.cfg
File: graphics.cfg 2016/06/04 v1.11 sample graphics configuration
)
Package graphics Info: Driver file: pdftex.def on input line 105.
 (/usr/share/texlive/texmf-dist/tex/latex/graphics-def/pdftex.def
File: pdftex.def 2018/01/08 v1.0l Graphics/color driver for pdftex
))
\Gin@req@height=\dimen135
\Gin@req@width=\dimen136
) (/usr/share/texlive/texmf-dist/tex/latex/caption/caption.sty
Package: caption 2020/01/03 v3.4h Customizing captions (AR)
 (/usr/share/texlive/texmf-dist/tex/latex/caption/caption3.sty
Package: caption3 2020/01/03 v1.8h caption3 kernel (AR)
Package caption3 Info: TeX engine: e-TeX on input line 61.
\captionmargin=\dimen137
\captionmargin@=\dimen138
\captionwidth=\dimen139
\caption@tempdima=\dimen140
\caption@indent=\dimen141
\caption@parindent=\dimen142
\caption@hangindent=\dimen143
Package caption Info: Standard document class detected.
)
\c@caption@flags=\count175
\c@continuedfloat=\count176
) (/usr/share/texlive/texmf-dist/tex/latex/booktabs/booktabs.sty
Package: booktabs 2020/01/12 v1.61803398 Publication quality tables
\heavyrulewidth=\dimen144
\lightrulewidth=\dimen145
\cmidrulewidth=\dimen146
\belowrulesep=\dimen147
\belowbottomsep=\dimen148
\aboverulesep=\dimen149
\abovetopsep=\dimen150
\cmidrulesep=\dimen151
\cmidrulekern=\dimen152
\defaultaddspace=\dimen153
\@cmidla=\count177
\@cmidlb=\count178
\@aboverulesep=\dimen154
\@belowrulesep=\dimen155
\@thisruleclass=\count179
\@lastruleclass=\count180
\@thisrulewidth=\dimen156
) (/usr/share/texlive/texmf-dist/tex/latex/siunitx/siunitx.sty (/usr/share/texlive/texmf-dist/tex/latex/l3kernel/expl3.sty
Package: expl3 2020-02-14 L3 programming layer (loader) 
 (/usr/share/texlive/texmf-dist/tex/latex/l3backend/l3backend-pdfmode.def
File: l3backend-pdfmode.def 2020-02-03 L3 backend support: PDF mode
\l__kernel_color_stack_int=\count181
\l__pdf_internal_box=\box45
)) (/usr/share/texlive/texmf-dist/tex/latex/l3packages/xparse/xparse.sty
Package: xparse 2020-02-14 L3 Experimental document command parser
\l__xparse_current_arg_int=\count182
\g__xparse_grabber_int=\count183
\l__xparse_m_args_int=\count184
\l__xparse_v_nesting_int=\count185
)
Package: siunitx 2020/01/15 v2.7u A comprehensive (SI) units package
 (/usr/share/texlive/texmf-dist/tex/latex/amsmath/amstext.sty
Package: amstext 2000/06/29 v2.01 AMS text
 (/usr/share/texlive/texmf-dist/tex/latex/amsmath/amsgen.sty
File: amsgen.sty 1999/11/30 v2.0 generic functions
\@emptytoks=\toks17
\ex@=\dimen157
)) (/usr/share/texlive/texmf-dist/tex/latex/tools/array.sty
Package: array 2019/08/31 v2.4l Tabular extension package (FMi)
\col@sep=\dimen158
\ar@mcellbox=\box46
\extrarowheight=\dimen159
\NC@list=\toks18
\extratabsurround=\skip49
\backup@length=\skip50
\ar@cellbox=\box47
) (/usr/share/texlive/texmf-dist/tex/latex/l3packages/l3keys2e/l3keys2e.sty
Package: l3keys2e 2020-02-14 LaTeX2e option processing using LaTeX3 keys
)
\l__siunitx_tmp_box=\box48
\l__siunitx_tmp_dim=\dimen160
\l__siunitx_tmp_int=\count186
\l__siunitx_number_mantissa_length_int=\count187
\l__siunitx_number_uncert_length_int=\count188
\l__siunitx_round_int=\count189
\l__siunitx_process_decimal_int=\count190
\l__siunitx_process_uncertainty_int=\count191
\l__siunitx_process_fixed_int=\count192
\l__siunitx_process_integer_min_int=\count193
\l__siunitx_process_precision_int=\count194
\l__siunitx_group_min_int=\count195
\l__siunitx_angle_marker_box=\box49
\l__siunitx_angle_unit_box=\box50
\l__siunitx_angle_marker_dim=\dimen161
\l__siunitx_angle_unit_dim=\dimen162
\l__siunitx_unit_int=\count196
\l__siunitx_unit_denominator_int=\count197
\l__siunitx_unit_numerator_int=\count198
\l__siunitx_unit_prefix_int=\count199
\l__siunitx_unit_prefix_base_int=\count266
\l__siunitx_unit_prefix_gram_int=\count267
\l__siunitx_number_product_int=\count268
\c__siunitx_one_fill_skip=\skip51
\l__siunitx_table_unit_align_skip=\skip52
\l__siunitx_table_exponent_dim=\dimen163
\l__siunitx_table_integer_dim=\dimen164
\l__siunitx_table_mantissa_dim=\dimen165
\l__siunitx_table_marker_dim=\dimen166
\l__siunitx_table_result_dim=\dimen167
\l__siunitx_table_uncert_dim=\dimen168
\l__siunitx_table_fill_pre_dim=\dimen169
\l__siunitx_table_fill_post_dim=\dimen170
\l__siunitx_table_fill_mid_dim=\dimen171
\l__siunitx_table_pre_box=\box51
\l__siunitx_table_post_box=\box52
\l__siunitx_table_mantissa_box=\box53
\l__siunitx_table_result_box=\box54
\l__siunitx_table_number_align_skip=\skip53
\l__siunitx_table_text_align_skip=\skip54
 (/usr/share/texlive/texmf-dist/tex/latex/translator/translator.sty
Package: translator 2019-05-31 v1.12a Easy translation of strings in LaTeX
)) (/usr/share/texlive/texmf-dist/tex/latex/pgf/frontendlayer/tikz.sty (/usr/share/texlive/texmf-dist/tex/latex/pgf/basiclayer/pgf.sty (/usr/share/texlive/texmf-dist/tex/latex/pgf/utilities/pgfrcs.sty (/usr/share/texlive/texmf-dist/tex/generic/pgf/utilities/pgfutil-common.tex
\pgfutil@everybye=\toks19
\pgfutil@tempdima=\dimen172
\pgfutil@tempdimb=\dimen173
 (/usr/share/texlive/texmf-dist/tex/generic/pgf/utilities/pgfutil-common-lists.tex)) (/usr/share/texlive/texmf-dist/tex/generic/pgf/utilities/pgfutil-latex.def
\pgfutil@abb=\box55
 (/usr/share/texlive/texmf-dist/tex/latex/ms/everyshi.sty
Package: everyshi 2001/05/15 v3.00 EveryShipout Package (MS)
)) (/usr/share/texlive/texmf-dist/tex/generic/pgf/utilities/pgfrcs.code.tex (/usr/share/texlive/texmf-dist/tex/generic/pgf/pgf.revision.tex)
Package: pgfrcs 2020/01/08 v3.1.5b (3.1.5b)
))
Package: pgf 2020/01/08 v3.1.5b (3.1.5b)
 (/usr/share/texlive/texmf-dist/tex/latex/pgf/basiclayer/pgfcore.sty (/usr/share/texlive/texmf-dist/tex/latex/pgf/systemlayer/pgfsys.sty (/usr/share/texlive/texmf-dist/tex/generic/pgf/systemlayer/pgfsys.code.tex
Package: pgfsys 2020/01/08 v3.1.5b (3.1.5b)
 (/usr/share/texlive/texmf-dist/tex/generic/pgf/utilities/pgfkeys.code.tex
\pgfkeys@pathtoks=\toks20
\pgfkeys@temptoks=\toks21
 (/usr/share/texlive/texmf-dist/tex/generic/pgf/utilities/pgfkeysfiltered.code.tex
\pgfkeys@tmptoks=\toks22
))
\pgf@x=\dimen174
\pgf@y=\dimen175
\pgf@xa=\dimen176
\pgf@ya=\dimen177
\pgf@xb=\dimen178
\pgf@yb=\dimen179
\pgf@xc=\dimen180
\pgf@yc=\dimen181
\pgf@xd=\dimen182
\pgf@yd=\dimen183
\w@pgf@writea=\write3
\r@pgf@reada=\read2
\c@pgf@counta=\count269
\c@pgf@countb=\count270
\c@pgf@countc=\count271
\c@pgf@countd=\count272
\t@pgf@toka=\toks23
\t@pgf@tokb=\toks24
\t@pgf@tokc=\toks25
\pgf@sys@id@count=\count273
 (/usr/share/texlive/texmf-dist/tex/generic/pgf/systemlayer/pgf.cfg
File: pgf.cfg 2020/01/08 v3.1.5b (3.1.5b)
)
Driver file for pgf: pgfsys-pdftex.def
 (/usr/share/texlive/texmf-dist/tex/generic/pgf/systemlayer/pgfsys-pdftex.def
File: pgfsys-pdftex.def 2020/01/08 v3.1.5b (3.1.5b)
 (/usr/share/texlive/texmf-dist/tex/generic/pgf/systemlayer/pgfsys-common-pdf.def
File: pgfsys-common-pdf.def 2020/01/08 v3.1.5b (3.1.5b)
))) (/usr/share/texlive/texmf-dist/tex/generic/pgf/systemlayer/pgfsyssoftpath.code.tex
File: pgfsyssoftpath.code.tex 2020/01/08 v3.1.5b (3.1.5b)
\pgfsyssoftpath@smallbuffer@items=\count274
\pgfsyssoftpath@bigbuffer@items=\count275
) (/usr/share/texlive/texmf-dist/tex/generic/pgf/systemlayer/pgfsysprotocol.code.tex
File: pgfsysprotocol.code.tex 2020/01/08 v3.1.5b (3.1.5b)
)) (/usr/share/texlive/texmf-dist/tex/latex/xcolor/xcolor.sty
Package: xcolor 2016/05/11 v2.12 LaTeX color extensions (UK)
 (/usr/share/texlive/texmf-dist/tex/latex/graphics-cfg/color.cfg
File: color.cfg 2016/01/02 v1.6 sample color configuration
)
Package xcolor Info: Driver file: pdftex.def on input line 225.
Package xcolor Info: Model `cmy' substituted by `cmy0' on input line 1348.
Package xcolor Info: Model `hsb' substituted by `rgb' on input line 1352.
Package xcolor Info: Model `RGB' extended on input line 1364.
Package xcolor Info: Model `HTML' substituted by `rgb' on input line 1366.
Package xcolor Info: Model `Hsb' substituted by `hsb' on input line 1367.
Package xcolor Info: Model `tHsb' substituted by `hsb' on input line 1368.
Package xcolor Info: Model `HSB' substituted by `hsb' on input line 1369.
Package xcolor Info: Model `Gray' substituted by `gray' on input line 1370.
Package xcolor Info: Model `wave' substituted by `hsb' on input line 1371.
) (/usr/share/texlive/texmf-dist/tex/generic/pgf/basiclayer/pgfcore.code.tex
Package: pgfcore 2020/01/08 v3.1.5b (3.1.5b)
 (/usr/share/texlive/texmf-dist/tex/generic/pgf/math/pgfmath.code.tex (/usr/share/texlive/texmf-dist/tex/generic/pgf/math/pgfmathcalc.code.tex (/usr/share/texlive/texmf-dist/tex/generic/pgf/math/pgfmathutil.code.tex) (/usr/share/texlive/texmf-dist/tex/generic/pgf/math/pgfmathparser.code.tex
\pgfmath@dimen=\dimen184
\pgfmath@count=\count276
\pgfmath@box=\box56
\pgfmath@toks=\toks26
\pgfmath@stack@operand=\toks27
\pgfmath@stack@operation=\toks28
) (/usr/share/texlive/texmf-dist/tex/generic/pgf/math/pgfmathfunctions.code.tex (/usr/share/texlive/texmf-dist/tex/generic/pgf/math/pgfmathfunctions.basic.code.tex) (/usr/share/texlive/texmf-dist/tex/generic/pgf/math/pgfmathfunctions.trigonometric.code.tex) (/usr/share/texlive/texmf-dist/tex/generic/pgf/math/pgfmathfunctions.random.code.tex) (/usr/share/texlive/texmf-dist/tex/generic/pgf/math/pgfmathfunctions.comparison.code.tex) (/usr/share/texlive/texmf-dist/tex/generic/pgf/math/pgfmathfunctions.base.code.tex) (/usr/share/texlive/texmf-dist/tex/generic/pgf/math/pgfmathfunctions.round.code.tex) (/usr/share/texlive/texmf-dist/tex/generic/pgf/math/pgfmathfunctions.misc.code.tex) (/usr/share/texlive/texmf-dist/tex/generic/pgf/math/pgfmathfunctions.integerarithmetics.code.tex))) (/usr/share/texlive/texmf-dist/tex/generic/pgf/math/pgfmathfloat.code.tex
\c@pgfmathroundto@lastzeros=\count277
)) (/usr/share/texlive/texmf-dist/tex/generic/pgf/math/pgfint.code.tex) (/usr/share/texlive/texmf-dist/tex/generic/pgf/basiclayer/pgfcorepoints.code.tex
File: pgfcorepoints.code.tex 2020/01/08 v3.1.5b (3.1.5b)
\pgf@picminx=\dimen185
\pgf@picmaxx=\dimen186
\pgf@picminy=\dimen187
\pgf@picmaxy=\dimen188
\pgf@pathminx=\dimen189
\pgf@pathmaxx=\dimen190
\pgf@pathminy=\dimen191
\pgf@pathmaxy=\dimen192
\pgf@xx=\dimen193
\pgf@xy=\dimen194
\pgf@yx=\dimen195
\pgf@yy=\dimen196
\pgf@zx=\dimen197
\pgf@zy=\dimen198
) (/usr/share/texlive/texmf-dist/tex/generic/pgf/basiclayer/pgfcorepathconstruct.code.tex
File: pgfcorepathconstruct.code.tex 2020/01/08 v3.1.5b (3.1.5b)
\pgf@path@lastx=\dimen199
\pgf@path@lasty=\dimen256
) (/usr/share/texlive/texmf-dist/tex/generic/pgf/basiclayer/pgfcorepathusage.code.tex
File: pgfcorepathusage.code.tex 2020/01/08 v3.1.5b (3.1.5b)
\pgf@shorten@end@additional=\dimen257
\pgf@shorten@start@additional=\dimen258
) (/usr/share/texlive/texmf-dist/tex/generic/pgf/basiclayer/pgfcorescopes.code.tex
File: pgfcorescopes.code.tex 2020/01/08 v3.1.5b (3.1.5b)
\pgfpic=\box57
\pgf@hbox=\box58
\pgf@layerbox@main=\box59
\pgf@picture@serial@count=\count278
) (/usr/share/texlive/texmf-dist/tex/generic/pgf/basiclayer/pgfcoregraphicstate.code.tex
File: pgfcoregraphicstate.code.tex 2020/01/08 v3.1.5b (3.1.5b)
\pgflinewidth=\dimen259
) (/usr/share/texlive/texmf-dist/tex/generic/pgf/basiclayer/pgfcoretransformations.code.tex
File: pgfcoretransformations.code.tex 2020/01/08 v3.1.5b (3.1.5b)
\pgf@pt@x=\dimen260
\pgf@pt@y=\dimen261
\pgf@pt@temp=\dimen262
) (/usr/share/texlive/texmf-dist/tex/generic/pgf/basiclayer/pgfcorequick.code.tex
File: pgfcorequick.code.tex 2020/01/08 v3.1.5b (3.1.5b)
) (/usr/share/texlive/texmf-dist/tex/generic/pgf/basiclayer/pgfcoreobjects.code.tex
File: pgfcoreobjects.code.tex 2020/01/08 v3.1.5b (3.1.5b)
) (/usr/share/texlive/texmf-dist/tex/generic/pgf/basiclayer/pgfcorepathprocessing.code.tex
File: pgfcorepathprocessing.code.tex 2020/01/08 v3.1.5b (3.1.5b)
) (/usr/share/texlive/texmf-dist/tex/generic/pgf/basiclayer/pgfcorearrows.code.tex
File: pgfcorearrows.code.tex 2020/01/08 v3.1.5b (3.1.5b)
\pgfarrowsep=\dimen263
) (/usr/share/texlive/texmf-dist/tex/generic/pgf/basiclayer/pgfcoreshade.code.tex
File: pgfcoreshade.code.tex 2020/01/08 v3.1.5b (3.1.5b)
\pgf@max=\dimen264
\pgf@sys@shading@range@num=\count279
\pgf@shadingcount=\count280
) (/usr/share/texlive/texmf-dist/tex/generic/pgf/basiclayer/pgfcoreimage.code.tex
File: pgfcoreimage.code.tex 2020/01/08 v3.1.5b (3.1.5b)
 (/usr/share/texlive/texmf-dist/tex/generic/pgf/basiclayer/pgfcoreexternal.code.tex
File: pgfcoreexternal.code.tex 2020/01/08 v3.1.5b (3.1.5b)
\pgfexternal@startupbox=\box60
)) (/usr/share/texlive/texmf-dist/tex/generic/pgf/basiclayer/pgfcorelayers.code.tex
File: pgfcorelayers.code.tex 2020/01/08 v3.1.5b (3.1.5b)
) (/usr/share/texlive/texmf-dist/tex/generic/pgf/basiclayer/pgfcoretransparency.code.tex
File: pgfcoretransparency.code.tex 2020/01/08 v3.1.5b (3.1.5b)
) (/usr/share/texlive/texmf-dist/tex/generic/pgf/basiclayer/pgfcorepatterns.code.tex
File: pgfcorepatterns.code.tex 2020/01/08 v3.1.5b (3.1.5b)
) (/usr/share/texlive/texmf-dist/tex/generic/pgf/basiclayer/pgfcorerdf.code.tex
File: pgfcorerdf.code.tex 2020/01/08 v3.1.5b (3.1.5b)
))) (/usr/share/texlive/texmf-dist/tex/generic/pgf/modules/pgfmoduleshapes.code.tex
File: pgfmoduleshapes.code.tex 2020/01/08 v3.1.5b (3.1.5b)
\pgfnodeparttextbox=\box61
) (/usr/share/texlive/texmf-dist/tex/generic/pgf/modules/pgfmoduleplot.code.tex
File: pgfmoduleplot.code.tex 2020/01/08 v3.1.5b (3.1.5b)
) (/usr/share/texlive/texmf-dist/tex/latex/pgf/compatibility/pgfcomp-version-0-65.sty
Package: pgfcomp-version-0-65 2020/01/08 v3.1.5b (3.1.5b)
\pgf@nodesepstart=\dimen265
\pgf@nodesepend=\dimen266
) (/usr/share/texlive/texmf-dist/tex/latex/pgf/compatibility/pgfcomp-version-1-18.sty
Package: pgfcomp-version-1-18 2020/01/08 v3.1.5b (3.1.5b)
)) (/usr/share/texlive/texmf-dist/tex/latex/pgf/utilities/pgffor.sty (/usr/share/texlive/texmf-dist/tex/latex/pgf/utilities/pgfkeys.sty (/usr/share/texlive/texmf-dist/tex/generic/pgf/utilities/pgfkeys.code.tex)) (/usr/share/texlive/texmf-dist/tex/latex/pgf/math/pgfmath.sty (/usr/share/texlive/texmf-dist/tex/generic/pgf/math/pgfmath.code.tex)) (/usr/share/texlive/texmf-dist/tex/generic/pgf/utilities/pgffor.code.tex
Package: pgffor 2020/01/08 v3.1.5b (3.1.5b)
 (/usr/share/texlive/texmf-dist/tex/generic/pgf/math/pgfmath.code.tex)
\pgffor@iter=\dimen267
\pgffor@skip=\dimen268
\pgffor@stack=\toks29
\pgffor@toks=\toks30
)) (/usr/share/texlive/texmf-dist/tex/generic/pgf/frontendlayer/tikz/tikz.code.tex
Package: tikz 2020/01/08 v3.1.5b (3.1.5b)
 (/usr/share/texlive/texmf-dist/tex/generic/pgf/libraries/pgflibraryplothandlers.code.tex
File: pgflibraryplothandlers.code.tex 2020/01/08 v3.1.5b (3.1.5b)
\pgf@plot@mark@count=\count281
\pgfplotmarksize=\dimen269
)
\tikz@lastx=\dimen270
\tikz@lasty=\dimen271
\tikz@lastxsaved=\dimen272
\tikz@lastysaved=\dimen273
\tikz@lastmovetox=\dimen274
\tikz@lastmovetoy=\dimen275
\tikzleveldistance=\dimen276
\tikzsiblingdistance=\dimen277
\tikz@figbox=\box62
\tikz@figbox@bg=\box63
\tikz@tempbox=\box64
\tikz@tempbox@bg=\box65
\tikztreelevel=\count282
\tikznumberofchildren=\count283
\tikznumberofcurrentchild=\count284
\tikz@fig@count=\count285
 (/usr/share/texlive/texmf-dist/tex/generic/pgf/modules/pgfmodulematrix.code.tex
File: pgfmodulematrix.code.tex 2020/01/08 v3.1.5b (3.1.5b)
\pgfmatrixcurrentrow=\count286
\pgfmatrixcurrentcolumn=\count287
\pgf@matrix@numberofcolumns=\count288
)
\tikz@expandcount=\count289
 (/usr/share/texlive/texmf-dist/tex/generic/pgf/frontendlayer/tikz/libraries/tikzlibrarytopaths.code.tex
File: tikzlibrarytopaths.code.tex 2020/01/08 v3.1.5b (3.1.5b)
))) (/usr/share/texlive/texmf-dist/tex/latex/tikz-qtree/tikz-qtree.sty (/usr/share/texlive/texmf-dist/tex/latex/tikz-qtree/pgftree.sty (/usr/share/texlive/texmf-dist/tex/latex/tikz-qtree/pgfsubpic.sty (/usr/share/texlive/texmf-dist/tex/latex/tikz-qtree/pgfsubpic.tex
\pgf@subpicminx=\dimen278
\pgf@subpicminy=\dimen279
\pgf@subpicmaxx=\dimen280
\pgf@subpicmaxy=\dimen281
)) (/usr/share/texlive/texmf-dist/tex/latex/tikz-qtree/pgftree.tex
\levelsep=\dimen282
\subtreesep=\dimen283
\smuggle@levelsep=\dimen284
\smuggle@subtreesep=\dimen285
\this@levelsep=\dimen286
\this@subtreesep=\dimen287
\pgftree@childx=\dimen288
\pgftree@savechildx=\dimen289
\pgftree@childy=\dimen290
\pgftree@savechildy=\dimen291
\pgftree@childi=\count290
\pgftree@savechildi=\count291
\pgftree@level=\count292
\pgftree@depth=\dimen292
\pgf@subpic@hbox@children=\box66
\pgf@subpic@minx@children=\dimen293
\pgf@subpic@miny@children=\dimen294
\pgf@subpic@maxx@children=\dimen295
\pgf@subpic@maxy@children=\dimen296
\pgftree@lastchildx=\dimen297
\pgftree@lastchildy=\dimen298
)) (/usr/share/texlive/texmf-dist/tex/latex/tikz-qtree/tikz-qtree.tex
\@result=\toks31
\child@list=\toks32
\root@node=\toks33
)) (/usr/share/texlive/texmf-dist/tex/latex/psnfss/pifont.sty
Package: pifont 2005/04/12 PSNFSS-v9.2a Pi font support (SPQR) 
LaTeX Font Info:    Trying to load font information for U+pzd on input line 63.
 (/usr/share/texlive/texmf-dist/tex/latex/psnfss/upzd.fd
File: upzd.fd 2001/06/04 font definitions for U/pzd.
)
LaTeX Font Info:    Trying to load font information for U+psy on input line 64.
 (/usr/share/texlive/texmf-dist/tex/latex/psnfss/upsy.fd
File: upsy.fd 2001/06/04 font definitions for U/psy.
)) (/usr/share/texlive/texmf-dist/tex/latex/geometry/geometry.sty
Package: geometry 2020/01/02 v5.9 Page Geometry
 (/usr/share/texlive/texmf-dist/tex/generic/iftex/ifvtex.sty
Package: ifvtex 2019/10/25 v1.7 ifvtex legacy package. Use iftex instead.
 (/usr/share/texlive/texmf-dist/tex/generic/iftex/iftex.sty
Package: iftex 2019/11/07 v1.0c TeX engine tests
))
\Gm@cnth=\count293
\Gm@cntv=\count294
\c@Gm@tempcnt=\count295
\Gm@bindingoffset=\dimen299
\Gm@wd@mp=\dimen300
\Gm@odd@mp=\dimen301
\Gm@even@mp=\dimen302
\Gm@layoutwidth=\dimen303
\Gm@layoutheight=\dimen304
\Gm@layouthoffset=\dimen305
\Gm@layoutvoffset=\dimen306
\Gm@dimlist=\toks34
) (/usr/share/texlive/texmf-dist/tex/latex/etoolbox/etoolbox.sty
Package: etoolbox 2019/09/21 v2.5h e-TeX tools for LaTeX (JAW)
\etb@tempcnta=\count296
) (/usr/share/texlive/texmf-dist/tex/latex/titling/titling.sty
Package: titling 2009/09/04 v2.1d maketitle typesetting
\thanksmarkwidth=\skip55
\thanksmargin=\skip56
\droptitle=\skip57
) (/usr/share/texlive/texmf-dist/tex/latex/enumitem/enumitem.sty
Package: enumitem 2019/06/20 v3.9 Customized lists
\labelindent=\skip58
\enit@outerparindent=\dimen307
\enit@toks=\toks35
\enit@inbox=\box67
\enit@count@id=\count297
\enitdp@description=\count298
) (/usr/share/texlive/texmf-dist/tex/latex/fancyhdr/fancyhdr.sty
Package: fancyhdr 2019/01/31 v3.10 Extensive control of page headers and footers
\f@nch@headwidth=\skip59
\f@nch@O@elh=\skip60
\f@nch@O@erh=\skip61
\f@nch@O@olh=\skip62
\f@nch@O@orh=\skip63
\f@nch@O@elf=\skip64
\f@nch@O@erf=\skip65
\f@nch@O@olf=\skip66
\f@nch@O@orf=\skip67
) (/usr/share/texlive/texmf-dist/tex/generic/soulutf8/soulutf8.sty
Package: soulutf8 2019/12/15 v1.2 Permit use of UTF-8 characters in soul (HO)
 (/usr/share/texlive/texmf-dist/tex/latex/soul/soul.sty
Package: soul 2003/11/17 v2.4 letterspacing/underlining (mf)
\SOUL@word=\toks36
\SOUL@lasttoken=\toks37
\SOUL@cmds=\toks38
\SOUL@buffer=\toks39
\SOUL@token=\toks40
\SOUL@spaceskip=\skip68
\SOUL@ttwidth=\dimen308
\SOUL@uldp=\dimen309
\SOUL@ulht=\dimen310
) (/usr/share/texlive/texmf-dist/tex/generic/infwarerr/infwarerr.sty
Package: infwarerr 2019/12/03 v1.5 Providing info/warning/error messages (HO)
) (/usr/share/texlive/texmf-dist/tex/generic/etexcmds/etexcmds.sty
Package: etexcmds 2019/12/15 v1.7 Avoid name clashes with e-TeX commands (HO)
)) (/usr/share/texlive/texmf-dist/tex/generic/pgf/frontendlayer/tikz/libraries/tikzlibrarytrees.code.tex
File: tikzlibrarytrees.code.tex 2020/01/08 v3.1.5b (3.1.5b)
) (/home/chiara/Documents/Università/Git/IIIANNO_UniVr/Laboratorio di Bioinformatica/Modulo 1/DispenseLaboratorioBioinfo.aux)
\openout1 = `DispenseLaboratorioBioinfo.aux'.

LaTeX Font Info:    Checking defaults for OML/cmm/m/it on input line 27.
LaTeX Font Info:    ... okay on input line 27.
LaTeX Font Info:    Checking defaults for OMS/cmsy/m/n on input line 27.
LaTeX Font Info:    ... okay on input line 27.
LaTeX Font Info:    Checking defaults for OT1/cmr/m/n on input line 27.
LaTeX Font Info:    ... okay on input line 27.
LaTeX Font Info:    Checking defaults for T1/cmr/m/n on input line 27.
LaTeX Font Info:    ... okay on input line 27.
LaTeX Font Info:    Checking defaults for TS1/cmr/m/n on input line 27.
LaTeX Font Info:    ... okay on input line 27.
LaTeX Font Info:    Checking defaults for OMX/cmex/m/n on input line 27.
LaTeX Font Info:    ... okay on input line 27.
LaTeX Font Info:    Checking defaults for U/cmr/m/n on input line 27.
LaTeX Font Info:    ... okay on input line 27.
 (/usr/share/texlive/texmf-dist/tex/context/base/mkii/supp-pdf.mkii
[Loading MPS to PDF converter (version 2006.09.02).]
\scratchcounter=\count299
\scratchdimen=\dimen311
\scratchbox=\box68
\nofMPsegments=\count300
\nofMParguments=\count301
\everyMPshowfont=\toks41
\MPscratchCnt=\count302
\MPscratchDim=\dimen312
\MPnumerator=\count303
\makeMPintoPDFobject=\count304
\everyMPtoPDFconversion=\toks42
) (/usr/share/texlive/texmf-dist/tex/latex/epstopdf-pkg/epstopdf-base.sty
Package: epstopdf-base 2020-01-24 v2.11 Base part for package epstopdf
Package epstopdf-base Info: Redefining graphics rule for `.eps' on input line 485.
 (/usr/share/texlive/texmf-dist/tex/latex/latexconfig/epstopdf-sys.cfg
File: epstopdf-sys.cfg 2010/07/13 v1.3 Configuration of (r)epstopdf for TeX Live
))
Package caption Info: Begin \AtBeginDocument code.
Package caption Info: End \AtBeginDocument code.
 (/usr/share/texlive/texmf-dist/tex/latex/translator/translator-basic-dictionary-English.dict
Dictionary: translator-basic-dictionary, Language: English 
) (/usr/share/texlive/texmf-dist/tex/latex/siunitx/siunitx-abbreviations.cfg
File: siunitx-abbreviations.cfg 2017/11/26 v2.7k siunitx: Abbreviated units
) ABD: EveryShipout initializing macros
*geometry* driver: auto-detecting
*geometry* detected driver: pdftex
*geometry* verbose mode - [ preamble ] result:
* driver: pdftex
* paper: <default>
* layout: <same size as paper>
* layoutoffset:(h,v)=(0.0pt,0.0pt)
* modes: 
* h-part:(L,W,R)=(65.04256pt, 484.20988pt, 65.04256pt)
* v-part:(T,H,B)=(65.04256pt, 664.88487pt, 65.04256pt)
* \paperwidth=614.295pt
* \paperheight=794.96999pt
* \textwidth=484.20988pt
* \textheight=664.88487pt
* \oddsidemargin=-7.22743pt
* \evensidemargin=-7.22743pt
* \topmargin=-44.22743pt
* \headheight=12.0pt
* \headsep=25.0pt
* \topskip=10.0pt
* \footskip=30.0pt
* \marginparwidth=65.0pt
* \marginparsep=11.0pt
* \columnsep=10.0pt
* \skip\footins=9.0pt plus 4.0pt minus 2.0pt
* \hoffset=0.0pt
* \voffset=0.0pt
* \mag=1000
* \@twocolumnfalse
* \@twosidefalse
* \@mparswitchfalse
* \@reversemarginfalse
* (1in=72.27pt=25.4mm, 1cm=28.453pt)

LaTeX Font Info:    External font `cmex10' loaded for size
(Font)              <7> on input line 27.
LaTeX Font Info:    External font `cmex10' loaded for size
(Font)              <5> on input line 27.
[1

{/var/lib/texmf/fonts/map/pdftex/updmap/pdftex.map}] (/home/chiara/Documents/Università/Git/IIIANNO_UniVr/Laboratorio di Bioinformatica/Modulo 1/DispenseLaboratorioBioinfo.toc [1])
\tf@toc=\write4
\openout4 = `DispenseLaboratorioBioinfo.toc'.

 [2] [3] [1]
Underfull \hbox (badness 10000) in paragraph at lines 100--104

 []

[1]
<figures/Proteine.png, id=35, 1829.83624pt x 2118.91624pt>
File: figures/Proteine.png Graphic file (type png)
<use figures/Proteine.png>
Package pdftex.def Info: figures/Proteine.png  used on input line 142.
(pdftex.def)             Requested size: 242.10493pt x 280.35092pt.

Underfull \hbox (badness 10000) in paragraph at lines 144--147

 []

[2 </home/chiara/Documents/Università/Git/IIIANNO_UniVr/Laboratorio di Bioinformatica/Modulo 1/figures/Proteine.png>] [3] [4] [1]
Underfull \hbox (badness 10000) in paragraph at lines 272--289

 []

[1] [2]
Underfull \hbox (badness 10000) in paragraph at lines 396--399

 []

[3]
Overfull \hbox (39.74901pt too wide) in paragraph at lines 467--468
[]\T1/cmr/m/n/10 Genomic con-tig (seg-menti sovrap-posti di DNA seg-ments che rap-p-re-sen-tano una se-quenza con-senso) N\T1/cmr/bx/n/10 T$[]\OT1/cmr/m/n/10 ######$ 
 []

[4]
LaTeX Font Info:    Trying to load font information for T1+cmtt on input line 504.
 (/usr/share/texlive/texmf-dist/tex/latex/base/t1cmtt.fd
File: t1cmtt.fd 2019/12/16 v2.5j Standard LaTeX font definitions
)
Overfull \hbox (1.17772pt too wide) in paragraph at lines 504--505
[]\T1/cmr/m/n/10 Cliccando la specie si ag-giorna au-to-mat-ic-mente la stringa di ricerca: \T1/cmtt/m/n/10 (beta globin) AND "Homo sapiens"
 []

[5] [6]
Underfull \hbox (badness 10000) in paragraph at lines 614--615

 []

[7] [8] [1]
Underfull \hbox (badness 10000) in paragraph at lines 642--644

 []

LaTeX Font Info:    External font `cmex10' loaded for size
(Font)              <12> on input line 656.
LaTeX Font Info:    External font `cmex10' loaded for size
(Font)              <8> on input line 656.
LaTeX Font Info:    External font `cmex10' loaded for size
(Font)              <6> on input line 656.
[1]
<figures/globine.png, id=87, 385.44pt x 357.335pt>
File: figures/globine.png Graphic file (type png)
<use figures/globine.png>
Package pdftex.def Info: figures/globine.png  used on input line 703.
(pdftex.def)             Requested size: 242.10493pt x 224.45158pt.
<figures/ortpar.png, id=88, 536.0025pt x 338.26375pt>
File: figures/ortpar.png Graphic file (type png)
<use figures/ortpar.png>
Package pdftex.def Info: figures/ortpar.png  used on input line 717.
(pdftex.def)             Requested size: 242.10493pt x 152.78503pt.
 [2 </home/chiara/Documents/Università/Git/IIIANNO_UniVr/Laboratorio di Bioinformatica/Modulo 1/figures/globine.png> </home/chiara/Documents/Università/Git/IIIANNO_UniVr/Laboratorio di Bioinformatica/Modulo 1/figures/ortpar.png>]
<figures/ortpar2.png, id=97, 452.69125pt x 419.5675pt>
File: figures/ortpar2.png Graphic file (type png)
<use figures/ortpar2.png>
Package pdftex.def Info: figures/ortpar2.png  used on input line 723.
(pdftex.def)             Requested size: 242.10493pt x 224.38637pt.
<figures/ortpar3.png, id=98, 536.0025pt x 331.2375pt>
File: figures/ortpar3.png Graphic file (type png)
<use figures/ortpar3.png>
Package pdftex.def Info: figures/ortpar3.png  used on input line 728.
(pdftex.def)             Requested size: 242.10493pt x 149.61145pt.

Underfull \hbox (badness 10000) in paragraph at lines 733--735

 []

[3 </home/chiara/Documents/Università/Git/IIIANNO_UniVr/Laboratorio di Bioinformatica/Modulo 1/figures/ortpar2.png> </home/chiara/Documents/Università/Git/IIIANNO_UniVr/Laboratorio di Bioinformatica/Modulo 1/figures/ortpar3.png>]
<figures/autoconfronto.png, id=104, 335.2525pt x 263.98625pt>
File: figures/autoconfronto.png Graphic file (type png)
<use figures/autoconfronto.png>
Package pdftex.def Info: figures/autoconfronto.png  used on input line 762.
(pdftex.def)             Requested size: 242.10493pt x 190.63791pt.
<figures/inversione.png, id=105, 370.38374pt x 294.09875pt>
File: figures/inversione.png Graphic file (type png)
<use figures/inversione.png>
Package pdftex.def Info: figures/inversione.png  used on input line 769.
(pdftex.def)             Requested size: 242.10493pt x 192.24342pt.
<figures/inv2.png, id=106, 227.85126pt x 186.6975pt>
File: figures/inv2.png Graphic file (type png)
<use figures/inv2.png>
Package pdftex.def Info: figures/inv2.png  used on input line 774.
(pdftex.def)             Requested size: 145.26443pt x 119.03018pt.
 [4 </home/chiara/Documents/Università/Git/IIIANNO_UniVr/Laboratorio di Bioinformatica/Modulo 1/figures/autoconfronto.png> </home/chiara/Documents/Università/Git/IIIANNO_UniVr/Laboratorio di Bioinformatica/Modulo 1/figures/inversione.png>]
<figures/rip.png, id=112, 232.87pt x 207.77625pt>
File: figures/rip.png Graphic file (type png)
<use figures/rip.png>
Package pdftex.def Info: figures/rip.png  used on input line 776.
(pdftex.def)             Requested size: 145.26443pt x 129.6157pt.
<figures/del.png, id=113, 191.71625pt x 113.42375pt>
File: figures/del.png Graphic file (type png)
<use figures/del.png>
Package pdftex.def Info: figures/del.png  used on input line 778.
(pdftex.def)             Requested size: 145.26443pt x 85.9468pt.
<figures/sliding.png, id=114, 556.0775pt x 287.0725pt>
File: figures/sliding.png Graphic file (type png)
<use figures/sliding.png>
Package pdftex.def Info: figures/sliding.png  used on input line 790.
(pdftex.def)             Requested size: 242.10493pt x 124.98503pt.
 [5 </home/chiara/Documents/Università/Git/IIIANNO_UniVr/Laboratorio di Bioinformatica/Modulo 1/figures/inv2.png> </home/chiara/Documents/Università/Git/IIIANNO_UniVr/Laboratorio di Bioinformatica/Modulo 1/figures/rip.png> </home/chiara/Documents/Università/Git/IIIANNO_UniVr/Laboratorio di Bioinformatica/Modulo 1/figures/del.png> </home/chiara/Documents/Università/Git/IIIANNO_UniVr/Laboratorio di Bioinformatica/Modulo 1/figures/sliding.png>]
<figures/mat.png, id=122, 496.85625pt x 125.46875pt>
File: figures/mat.png Graphic file (type png)
<use figures/mat.png>
Package pdftex.def Info: figures/mat.png  used on input line 810.
(pdftex.def)             Requested size: 242.10493pt x 61.13751pt.
 [6 </home/chiara/Documents/Università/Git/IIIANNO_UniVr/Laboratorio di Bioinformatica/Modulo 1/figures/mat.png>]
<figures/algo.png, id=132, 511.9125pt x 157.58875pt>
File: figures/algo.png Graphic file (type png)
<use figures/algo.png>
Package pdftex.def Info: figures/algo.png  used on input line 869.
(pdftex.def)             Requested size: 242.10493pt x 74.53079pt.
<figures/init.png, id=133, 401.5pt x 205.76875pt>
File: figures/init.png Graphic file (type png)
<use figures/init.png>
Package pdftex.def Info: figures/init.png  used on input line 887.
(pdftex.def)             Requested size: 290.52888pt x 148.90692pt.
 [7 </home/chiara/Documents/Università/Git/IIIANNO_UniVr/Laboratorio di Bioinformatica/Modulo 1/figures/algo.png>]
<figures/due.png, id=138, 136.51pt x 139.52126pt>
File: figures/due.png Graphic file (type png)
<use figures/due.png>
Package pdftex.def Info: figures/due.png  used on input line 896.
(pdftex.def)             Requested size: 145.26443pt x 148.47726pt.
<figures/tre.png, id=139, 131.49126pt x 157.58875pt>
File: figures/tre.png Graphic file (type png)
<use figures/tre.png>
Package pdftex.def Info: figures/tre.png  used on input line 899.
(pdftex.def)             Requested size: 145.26443pt x 174.10318pt.
<figures/quattro.png, id=140, 388.45125pt x 289.08pt>
File: figures/quattro.png Graphic file (type png)
<use figures/quattro.png>
Package pdftex.def Info: figures/quattro.png  used on input line 901.
(pdftex.def)             Requested size: 290.52888pt x 216.21397pt.
 [8 </home/chiara/Documents/Università/Git/IIIANNO_UniVr/Laboratorio di Bioinformatica/Modulo 1/figures/init.png> </home/chiara/Documents/Università/Git/IIIANNO_UniVr/Laboratorio di Bioinformatica/Modulo 1/figures/due.png> </home/chiara/Documents/Università/Git/IIIANNO_UniVr/Laboratorio di Bioinformatica/Modulo 1/figures/tre.png>]
<figures/cinque.png, id=147, 326.21875pt x 239.89626pt>
File: figures/cinque.png Graphic file (type png)
<use figures/cinque.png>
Package pdftex.def Info: figures/cinque.png  used on input line 903.
(pdftex.def)             Requested size: 290.52888pt x 213.66805pt.
<figures/sei.png, id=148, 305.14pt x 154.5775pt>
File: figures/sei.png Graphic file (type png)
<use figures/sei.png>
Package pdftex.def Info: figures/sei.png  used on input line 905.
(pdftex.def)             Requested size: 290.52888pt x 147.18034pt.
<figures/sette.png, id=149, 357.335pt x 67.25125pt>
File: figures/sette.png Graphic file (type png)
<use figures/sette.png>
Package pdftex.def Info: figures/sette.png  used on input line 909.
(pdftex.def)             Requested size: 387.36938pt x 72.9073pt.
 [9 </home/chiara/Documents/Università/Git/IIIANNO_UniVr/Laboratorio di Bioinformatica/Modulo 1/figures/quattro.png> </home/chiara/Documents/Università/Git/IIIANNO_UniVr/Laboratorio di Bioinformatica/Modulo 1/figures/cinque.png> </home/chiara/Documents/Università/Git/IIIANNO_UniVr/Laboratorio di Bioinformatica/Modulo 1/figures/sei.png>]
<figures/otto.png, id=156, 316.18124pt x 160.6pt>
File: figures/otto.png Graphic file (type png)
<use figures/otto.png>
Package pdftex.def Info: figures/otto.png  used on input line 917.
(pdftex.def)             Requested size: 290.52888pt x 147.57979pt.
 [10 </home/chiara/Documents/Università/Git/IIIANNO_UniVr/Laboratorio di Bioinformatica/Modulo 1/figures/sette.png> </home/chiara/Documents/Università/Git/IIIANNO_UniVr/Laboratorio di Bioinformatica/Modulo 1/figures/otto.png>] [1]
<figures/nw.png, id=165, 328.22626pt x 258.9675pt>
File: figures/nw.png Graphic file (type png)
<use figures/nw.png>
Package pdftex.def Info: figures/nw.png  used on input line 990.
(pdftex.def)             Requested size: 242.10493pt x 191.02045pt.
<figures/gl.png, id=166, 333.245pt x 142.5325pt>
File: figures/gl.png Graphic file (type png)
<use figures/gl.png>
Package pdftex.def Info: figures/gl.png  used on input line 998.
(pdftex.def)             Requested size: 242.10493pt x 103.55197pt.
 [1 </home/chiara/Documents/Università/Git/IIIANNO_UniVr/Laboratorio di Bioinformatica/Modulo 1/figures/nw.png>]
<figures/es1.png, id=172, 349.305pt x 443.6575pt>
File: figures/es1.png Graphic file (type png)
<use figures/es1.png>
Package pdftex.def Info: figures/es1.png  used on input line 1021.
(pdftex.def)             Requested size: 242.10493pt x 307.505pt.
<figures/es2.png, id=173, 598.235pt x 228.855pt>
File: figures/es2.png Graphic file (type png)
<use figures/es2.png>
Package pdftex.def Info: figures/es2.png  used on input line 1031.
(pdftex.def)             Requested size: 242.10493pt x 92.61942pt.
 [2 </home/chiara/Documents/Università/Git/IIIANNO_UniVr/Laboratorio di Bioinformatica/Modulo 1/figures/gl.png> </home/chiara/Documents/Università/Git/IIIANNO_UniVr/Laboratorio di Bioinformatica/Modulo 1/figures/es1.png>]
<figures/sig1.png, id=179, 304.13625pt x 164.615pt>
File: figures/sig1.png Graphic file (type png)
<use figures/sig1.png>
Package pdftex.def Info: figures/sig1.png  used on input line 1058.
(pdftex.def)             Requested size: 242.10493pt x 131.04411pt.
<figures/sig2.png, id=180, 314.17375pt x 239.89626pt>
File: figures/sig2.png Graphic file (type png)
<use figures/sig2.png>
Package pdftex.def Info: figures/sig2.png  used on input line 1068.
(pdftex.def)             Requested size: 242.10493pt x 184.86343pt.
 [3 </home/chiara/Documents/Università/Git/IIIANNO_UniVr/Laboratorio di Bioinformatica/Modulo 1/figures/es2.png> </home/chiara/Documents/Università/Git/IIIANNO_UniVr/Laboratorio di Bioinformatica/Modulo 1/figures/sig1.png>]
<figures/sig3.png, id=186, 238.8925pt x 159.59625pt>
File: figures/sig3.png Graphic file (type png)
<use figures/sig3.png>
Package pdftex.def Info: figures/sig3.png  used on input line 1071.
(pdftex.def)             Requested size: 242.10493pt x 161.74127pt.
<figures/E.png, id=187, 253.94875pt x 229.85875pt>
File: figures/E.png Graphic file (type png)
<use figures/E.png>
Package pdftex.def Info: figures/E.png  used on input line 1097.
(pdftex.def)             Requested size: 242.10493pt x 219.1467pt.
 [4 </home/chiara/Documents/Università/Git/IIIANNO_UniVr/Laboratorio di Bioinformatica/Modulo 1/figures/sig2.png> </home/chiara/Documents/Università/Git/IIIANNO_UniVr/Laboratorio di Bioinformatica/Modulo 1/figures/sig3.png>]
<figures/matx.png, id=193, 482.80376pt x 450.68375pt>
File: figures/matx.png Graphic file (type png)
<use figures/matx.png>
Package pdftex.def Info: figures/matx.png  used on input line 1132.
(pdftex.def)             Requested size: 242.10493pt x 225.99461pt.
 [5 </home/chiara/Documents/Università/Git/IIIANNO_UniVr/Laboratorio di Bioinformatica/Modulo 1/figures/E.png>] [6 </home/chiara/Documents/Università/Git/IIIANNO_UniVr/Laboratorio di Bioinformatica/Modulo 1/figures/matx.png>]
<figures/dayhoff2.png, id=202, 613.29124pt x 434.62375pt>
File: figures/dayhoff2.png Graphic file (type png)
<use figures/dayhoff2.png>
Package pdftex.def Info: figures/dayhoff2.png  used on input line 1214.
(pdftex.def)             Requested size: 242.10493pt x 171.5717pt.
 [7]
<figures/norm.png, id=207, 389.455pt x 354.32375pt>
File: figures/norm.png Graphic file (type png)
<use figures/norm.png>
Package pdftex.def Info: figures/norm.png  used on input line 1237.
(pdftex.def)             Requested size: 242.10493pt x 220.26234pt.
<figures/es3.png, id=208, 497.86pt x 341.275pt>
File: figures/es3.png Graphic file (type png)
<use figures/es3.png>
Package pdftex.def Info: figures/es3.png  used on input line 1245.
(pdftex.def)             Requested size: 242.10493pt x 165.9608pt.
 [8 </home/chiara/Documents/Università/Git/IIIANNO_UniVr/Laboratorio di Bioinformatica/Modulo 1/figures/dayhoff2.png> </home/chiara/Documents/Università/Git/IIIANNO_UniVr/Laboratorio di Bioinformatica/Modulo 1/figures/norm.png>]
<figures/pam1.png, id=214, 626.34pt x 293.095pt>
File: figures/pam1.png Graphic file (type png)
<use figures/pam1.png>
Package pdftex.def Info: figures/pam1.png  used on input line 1249.
(pdftex.def)             Requested size: 242.10493pt x 113.29138pt.
<figures/pamn.png, id=215, 287.0725pt x 325.215pt>
File: figures/pamn.png Graphic file (type png)
<use figures/pamn.png>
Package pdftex.def Info: figures/pamn.png  used on input line 1267.
(pdftex.def)             Requested size: 242.10493pt x 274.28038pt.
 [9 </home/chiara/Documents/Università/Git/IIIANNO_UniVr/Laboratorio di Bioinformatica/Modulo 1/figures/es3.png> </home/chiara/Documents/Università/Git/IIIANNO_UniVr/Laboratorio di Bioinformatica/Modulo 1/figures/pam1.png>]
<figures/pam0.png, id=221, 627.34375pt x 229.85875pt>
File: figures/pam0.png Graphic file (type png)
<use figures/pam0.png>
Package pdftex.def Info: figures/pam0.png  used on input line 1271.
(pdftex.def)             Requested size: 242.10493pt x 88.70807pt.
<figures/pam2000.png, id=222, 612.2875pt x 258.9675pt>
File: figures/pam2000.png Graphic file (type png)
<use figures/pam2000.png>
Package pdftex.def Info: figures/pam2000.png  used on input line 1276.
(pdftex.def)             Requested size: 242.10493pt x 102.39574pt.
<figures/pam250.png, id=223, 637.38126pt x 367.3725pt>
File: figures/pam250.png Graphic file (type png)
<use figures/pam250.png>
Package pdftex.def Info: figures/pam250.png  used on input line 1283.
(pdftex.def)             Requested size: 242.10493pt x 139.54132pt.
 [10 </home/chiara/Documents/Università/Git/IIIANNO_UniVr/Laboratorio di Bioinformatica/Modulo 1/figures/pamn.png> </home/chiara/Documents/Università/Git/IIIANNO_UniVr/Laboratorio di Bioinformatica/Modulo 1/figures/pam0.png> </home/chiara/Documents/Università/Git/IIIANNO_UniVr/Laboratorio di Bioinformatica/Modulo 1/figures/pam2000.png>]
<figures/pamconf.png, id=230, 592.2125pt x 273.02pt>
File: figures/pamconf.png Graphic file (type png)
<use figures/pamconf.png>
Package pdftex.def Info: figures/pamconf.png  used on input line 1311.
(pdftex.def)             Requested size: 242.10493pt x 111.61397pt.
 [11 </home/chiara/Documents/Università/Git/IIIANNO_UniVr/Laboratorio di Bioinformatica/Modulo 1/figures/pam250.png> </home/chiara/Documents/Università/Git/IIIANNO_UniVr/Laboratorio di Bioinformatica/Modulo 1/figures/pamconf.png>]
<figures/prot.png, id=236, 639.38875pt x 453.695pt>
File: figures/prot.png Graphic file (type png)
<use figures/prot.png>
Package pdftex.def Info: figures/prot.png  used on input line 1315.
(pdftex.def)             Requested size: 605.26234pt x 429.48479pt.

Overfull \hbox (121.05246pt too wide) in paragraph at lines 1315--1316
 [] 
 []

[12 </home/chiara/Documents/Università/Git/IIIANNO_UniVr/Laboratorio di Bioinformatica/Modulo 1/figures/prot.png>]
<figures/blosum.png, id=241, 588.1975pt x 345.29pt>
File: figures/blosum.png Graphic file (type png)
<use figures/blosum.png>
Package pdftex.def Info: figures/blosum.png  used on input line 1328.
(pdftex.def)             Requested size: 338.94543pt x 198.97223pt.
<figures/scorblosum.png, id=242, 588.1975pt x 369.38pt>
File: figures/scorblosum.png Graphic file (type png)
<use figures/scorblosum.png>
Package pdftex.def Info: figures/scorblosum.png  used on input line 1331.
(pdftex.def)             Requested size: 338.94543pt x 212.85402pt.
LaTeX Font Info:    External font `cmex10' loaded for size
(Font)              <14.4> on input line 1333.
<figures/vs.png, id=243, 567.11874pt x 110.4125pt>
File: figures/vs.png Graphic file (type png)
<use figures/vs.png>
Package pdftex.def Info: figures/vs.png  used on input line 1340.
(pdftex.def)             Requested size: 338.94543pt x 65.99191pt.
 [13 </home/chiara/Documents/Università/Git/IIIANNO_UniVr/Laboratorio di Bioinformatica/Modulo 1/figures/blosum.png> </home/chiara/Documents/Università/Git/IIIANNO_UniVr/Laboratorio di Bioinformatica/Modulo 1/figures/scorblosum.png>]
Underfull \hbox (badness 10000) in paragraph at lines 1369--1373

 []

<figures/twilight.png, id=251, 463.7325pt x 257.96375pt>
File: figures/twilight.png Graphic file (type png)
<use figures/twilight.png>
Package pdftex.def Info: figures/twilight.png  used on input line 1381.
(pdftex.def)             Requested size: 242.10493pt x 134.67723pt.
[14 </home/chiara/Documents/Università/Git/IIIANNO_UniVr/Laboratorio di Bioinformatica/Modulo 1/figures/vs.png> </home/chiara/Documents/Università/Git/IIIANNO_UniVr/Laboratorio di Bioinformatica/Modulo 1/figures/twilight.png>] [1] [1]
Underfull \hbox (badness 10000) in paragraph at lines 1438--1441

 []

[2] [1]
Overfull \hbox (5.29778pt too wide) in paragraph at lines 1495--1497
[]\T1/cmr/m/n/14.4 Si de-scrivano il for-mato FASTA, il for-mato ASN.1 e il for-mato XML nell'ambito
 []

[1] (/home/chiara/Documents/Università/Git/IIIANNO_UniVr/Laboratorio di Bioinformatica/Modulo 1/DispenseLaboratorioBioinfo.aux) ) 
Here is how much of TeX's memory you used:
 17817 strings out of 481239
 373303 string characters out of 5920376
 574904 words of memory out of 5000000
 32705 multiletter control sequences out of 15000+600000
 553119 words of font info for 71 fonts, out of 8000000 for 9000
 1141 hyphenation exceptions out of 8191
 60i,12n,60p,906b,508s stack positions out of 5000i,500n,10000p,200000b,80000s
{/usr/share/texmf/fonts/enc/dvips/cm-super/cm-super-t1.enc}{/usr/share/texmf/fonts/enc/dvips/cm-super/cm-super-ts1.enc}</usr/share/texlive/texmf-dist/fonts/type1/public/amsfonts/cm/cmex10.pfb></usr/share/texlive/texmf-dist/fonts/type1/public/amsfonts/cm/cmmi10.pfb></usr/share/texlive/texmf-dist/fonts/type1/public/amsfonts/cm/cmmi7.pfb></usr/share/texlive/texmf-dist/fonts/type1/public/amsfonts/cm/cmr10.pfb></usr/share/texlive/texmf-dist/fonts/type1/public/amsfonts/cm/cmr12.pfb></usr/share/texlive/texmf-dist/fonts/type1/public/amsfonts/cm/cmr7.pfb></usr/share/texlive/texmf-dist/fonts/type1/public/amsfonts/cm/cmsy10.pfb></usr/share/texlive/texmf-dist/fonts/type1/public/amsfonts/cm/cmsy7.pfb></usr/share/texmf/fonts/type1/public/cm-super/sfbx0900.pfb></usr/share/texmf/fonts/type1/public/cm-super/sfbx1000.pfb></usr/share/texmf/fonts/type1/public/cm-super/sfbx1200.pfb></usr/share/texmf/fonts/type1/public/cm-super/sfbx1440.pfb></usr/share/texmf/fonts/type1/public/cm-super/sfbx1728.pfb></usr/share/texmf/fonts/type1/public/cm-super/sfbx2488.pfb></usr/share/texmf/fonts/type1/public/cm-super/sfrm0700.pfb></usr/share/texmf/fonts/type1/public/cm-super/sfrm0900.pfb></usr/share/texmf/fonts/type1/public/cm-super/sfrm1000.pfb></usr/share/texmf/fonts/type1/public/cm-super/sfrm1200.pfb></usr/share/texmf/fonts/type1/public/cm-super/sfrm1440.pfb></usr/share/texmf/fonts/type1/public/cm-super/sfrm1728.pfb></usr/share/texmf/fonts/type1/public/cm-super/sfti0900.pfb></usr/share/texmf/fonts/type1/public/cm-super/sfti1000.pfb></usr/share/texmf/fonts/type1/public/cm-super/sftt1000.pfb>
Output written on "/home/chiara/Documents/Università/Git/IIIANNO_UniVr/Laboratorio di Bioinformatica/Modulo 1/DispenseLaboratorioBioinfo.pdf" (49 pages, 3871565 bytes).
PDF statistics:
 354 PDF objects out of 1000 (max. 8388607)
 190 compressed objects within 2 object streams
 0 named destinations out of 1000 (max. 500000)
 233 words of extra memory for PDF output out of 10000 (max. 10000000)

